<?xml version="1.0" encoding="UTF-8"?>
<testsuite xmlns:xsi="http://www.w3.org/2001/XMLSchema-instance" xsi:noNamespaceSchemaLocation="https://maven.apache.org/surefire/maven-surefire-plugin/xsd/surefire-test-report.xsd" name="com.drchapeu.dataflow.AppTest" time="0.015" tests="1" errors="0" skipped="0" failures="0">
  <properties>
    <property name="sun.desktop" value="gnome"/>
    <property name="awt.toolkit" value="sun.awt.X11.XToolkit"/>
    <property name="java.specification.version" value="11"/>
    <property name="sun.cpu.isalist" value=""/>
    <property name="sun.jnu.encoding" value="UTF-8"/>
    <property name="java.class.path" value="/home/drchapeu/Documents/teste-dataflow-document/dataflow-from-zero/testing-psql-dataflow/target/test-classes:/home/drchapeu/Documents/teste-dataflow-document/dataflow-from-zero/testing-psql-dataflow/target/classes:/home/drchapeu/.m2/repository/junit/junit/4.11/junit-4.11.jar:/home/drchapeu/.m2/repository/org/hamcrest/hamcrest-core/1.3/hamcrest-core-1.3.jar:/home/drchapeu/.m2/repository/org/apache/beam/beam-runners-google-cloud-dataflow-java/2.50.0/beam-runners-google-cloud-dataflow-java-2.50.0.jar:/home/drchapeu/.m2/repository/org/checkerframework/checker-qual/3.27.0/checker-qual-3.27.0.jar:/home/drchapeu/.m2/repository/org/apache/beam/beam-vendor-guava-32_1_2-jre/0.1/beam-vendor-guava-32_1_2-jre-0.1.jar:/home/drchapeu/.m2/repository/org/apache/beam/beam-model-pipeline/2.50.0/beam-model-pipeline-2.50.0.jar:/home/drchapeu/.m2/repository/org/conscrypt/conscrypt-openjdk-uber/2.5.2/conscrypt-openjdk-uber-2.5.2.jar:/home/drchapeu/.m2/repository/org/apache/beam/beam-sdks-java-extensions-avro/2.50.0/beam-sdks-java-extensions-avro-2.50.0.jar:/home/drchapeu/.m2/repository/org/apache/beam/beam-sdks-java-extensions-google-cloud-platform-core/2.50.0/beam-sdks-java-extensions-google-cloud-platform-core-2.50.0.jar:/home/drchapeu/.m2/repository/com/google/cloud/bigdataoss/gcsio/2.2.16/gcsio-2.2.16.jar:/home/drchapeu/.m2/repository/com/google/cloud/google-cloud-storage/2.23.0/google-cloud-storage-2.23.0.jar:/home/drchapeu/.m2/repository/com/google/cloud/google-cloud-core-http/2.19.0/google-cloud-core-http-2.19.0.jar:/home/drchapeu/.m2/repository/com/google/http-client/google-http-client-appengine/1.43.1/google-http-client-appengine-1.43.1.jar:/home/drchapeu/.m2/repository/com/google/api/grpc/proto-google-cloud-storage-v2/2.23.0-alpha/proto-google-cloud-storage-v2-2.23.0-alpha.jar:/home/drchapeu/.m2/repository/com/google/api/grpc/gapic-google-cloud-storage-v2/2.23.0-alpha/gapic-google-cloud-storage-v2-2.23.0-alpha.jar:/home/drchapeu/.m2/repository/com/google/api/grpc/grpc-google-cloud-storage-v2/2.23.0-alpha/grpc-google-cloud-storage-v2-2.23.0-alpha.jar:/home/drchapeu/.m2/repository/io/opencensus/opencensus-impl/0.31.0/opencensus-impl-0.31.0.jar:/home/drchapeu/.m2/repository/io/opencensus/opencensus-impl-core/0.31.0/opencensus-impl-core-0.31.0.jar:/home/drchapeu/.m2/repository/io/opencensus/opencensus-exporter-stats-stackdriver/0.31.0/opencensus-exporter-stats-stackdriver-0.31.0.jar:/home/drchapeu/.m2/repository/io/opencensus/opencensus-contrib-exemplar-util/0.31.0/opencensus-contrib-exemplar-util-0.31.0.jar:/home/drchapeu/.m2/repository/io/opencensus/opencensus-contrib-resource-util/0.31.0/opencensus-contrib-resource-util-0.31.0.jar:/home/drchapeu/.m2/repository/io/opencensus/opencensus-exporter-metrics-util/0.31.0/opencensus-exporter-metrics-util-0.31.0.jar:/home/drchapeu/.m2/repository/com/google/apis/google-api-services-cloudresourcemanager/v1-rev20230129-2.0.0/google-api-services-cloudresourcemanager-v1-rev20230129-2.0.0.jar:/home/drchapeu/.m2/repository/org/apache/beam/beam-sdks-java-io-kafka/2.50.0/beam-sdks-java-io-kafka-2.50.0.jar:/home/drchapeu/.m2/repository/org/springframework/spring-expression/5.3.27/spring-expression-5.3.27.jar:/home/drchapeu/.m2/repository/org/springframework/spring-core/5.3.27/spring-core-5.3.27.jar:/home/drchapeu/.m2/repository/org/springframework/spring-jcl/5.3.27/spring-jcl-5.3.27.jar:/home/drchapeu/.m2/repository/io/confluent/kafka-avro-serializer/5.3.2/kafka-avro-serializer-5.3.2.jar:/home/drchapeu/.m2/repository/io/confluent/common-config/5.3.2/common-config-5.3.2.jar:/home/drchapeu/.m2/repository/io/confluent/common-utils/5.3.2/common-utils-5.3.2.jar:/home/drchapeu/.m2/repository/com/101tec/zkclient/0.10/zkclient-0.10.jar:/home/drchapeu/.m2/repository/io/confluent/kafka-schema-registry-client/5.3.2/kafka-schema-registry-client-5.3.2.jar:/home/drchapeu/.m2/repository/org/apache/beam/beam-runners-core-construction-java/2.50.0/beam-runners-core-construction-java-2.50.0.jar:/home/drchapeu/.m2/repository/org/apache/beam/beam-sdks-java-fn-execution/2.50.0/beam-sdks-java-fn-execution-2.50.0.jar:/home/drchapeu/.m2/repository/org/apache/beam/beam-model-fn-execution/2.50.0/beam-model-fn-execution-2.50.0.jar:/home/drchapeu/.m2/repository/io/github/classgraph/classgraph/4.8.104/classgraph-4.8.104.jar:/home/drchapeu/.m2/repository/org/apache/avro/avro/1.8.2/avro-1.8.2.jar:/home/drchapeu/.m2/repository/org/codehaus/jackson/jackson-core-asl/1.9.13/jackson-core-asl-1.9.13.jar:/home/drchapeu/.m2/repository/org/codehaus/jackson/jackson-mapper-asl/1.9.13/jackson-mapper-asl-1.9.13.jar:/home/drchapeu/.m2/repository/com/thoughtworks/paranamer/paranamer/2.7/paranamer-2.7.jar:/home/drchapeu/.m2/repository/org/apache/commons/commons-compress/1.8.1/commons-compress-1.8.1.jar:/home/drchapeu/.m2/repository/org/tukaani/xz/1.5/xz-1.5.jar:/home/drchapeu/.m2/repository/com/google/cloud/bigdataoss/util/2.2.16/util-2.2.16.jar:/home/drchapeu/.m2/repository/com/google/api-client/google-api-client-jackson2/2.0.1/google-api-client-jackson2-2.0.1.jar:/home/drchapeu/.m2/repository/com/google/apis/google-api-services-iamcredentials/v1-rev20211203-2.0.0/google-api-services-iamcredentials-v1-rev20211203-2.0.0.jar:/home/drchapeu/.m2/repository/com/google/auto/value/auto-value-annotations/1.10.1/auto-value-annotations-1.10.1.jar:/home/drchapeu/.m2/repository/com/google/flogger/google-extensions/0.7.1/google-extensions-0.7.1.jar:/home/drchapeu/.m2/repository/commons-codec/commons-codec/1.15/commons-codec-1.15.jar:/home/drchapeu/.m2/repository/com/google/flogger/flogger-system-backend/0.7.3/flogger-system-backend-0.7.3.jar:/home/drchapeu/.m2/repository/com/google/flogger/flogger/0.7.3/flogger-0.7.3.jar:/home/drchapeu/.m2/repository/org/checkerframework/checker-compat-qual/2.5.3/checker-compat-qual-2.5.3.jar:/home/drchapeu/.m2/repository/com/google/api/grpc/proto-google-cloud-pubsublite-v1/1.12.13/proto-google-cloud-pubsublite-v1-1.12.13.jar:/home/drchapeu/.m2/repository/com/google/guava/failureaccess/1.0.1/failureaccess-1.0.1.jar:/home/drchapeu/.m2/repository/com/google/guava/listenablefuture/9999.0-empty-to-avoid-conflict-with-guava/listenablefuture-9999.0-empty-to-avoid-conflict-with-guava.jar:/home/drchapeu/.m2/repository/com/google/j2objc/j2objc-annotations/2.8/j2objc-annotations-2.8.jar:/home/drchapeu/.m2/repository/javax/annotation/javax.annotation-api/1.3.2/javax.annotation-api-1.3.2.jar:/home/drchapeu/.m2/repository/com/google/apis/google-api-services-dataflow/v1b3-rev20220920-2.0.0/google-api-services-dataflow-v1b3-rev20220920-2.0.0.jar:/home/drchapeu/.m2/repository/com/google/apis/google-api-services-storage/v1-rev20230617-2.0.0/google-api-services-storage-v1-rev20230617-2.0.0.jar:/home/drchapeu/.m2/repository/com/google/auth/google-auth-library-credentials/1.19.0/google-auth-library-credentials-1.19.0.jar:/home/drchapeu/.m2/repository/com/google/auth/google-auth-library-oauth2-http/1.19.0/google-auth-library-oauth2-http-1.19.0.jar:/home/drchapeu/.m2/repository/com/google/http-client/google-http-client/1.43.3/google-http-client-1.43.3.jar:/home/drchapeu/.m2/repository/io/opencensus/opencensus-api/0.31.1/opencensus-api-0.31.1.jar:/home/drchapeu/.m2/repository/io/opencensus/opencensus-contrib-http-util/0.31.1/opencensus-contrib-http-util-0.31.1.jar:/home/drchapeu/.m2/repository/com/google/http-client/google-http-client-jackson2/1.43.3/google-http-client-jackson2-1.43.3.jar:/home/drchapeu/.m2/repository/org/hamcrest/hamcrest/2.1/hamcrest-2.1.jar:/home/drchapeu/.m2/repository/com/fasterxml/jackson/core/jackson-annotations/2.14.1/jackson-annotations-2.14.1.jar:/home/drchapeu/.m2/repository/com/fasterxml/jackson/core/jackson-core/2.14.1/jackson-core-2.14.1.jar:/home/drchapeu/.m2/repository/com/fasterxml/jackson/core/jackson-databind/2.14.1/jackson-databind-2.14.1.jar:/home/drchapeu/.m2/repository/joda-time/joda-time/2.10.10/joda-time-2.10.10.jar:/home/drchapeu/.m2/repository/org/apache/beam/beam-vendor-grpc-1_54_0/0.1/beam-vendor-grpc-1_54_0-0.1.jar:/home/drchapeu/.m2/repository/org/apache/beam/beam-runners-direct-java/2.50.0/beam-runners-direct-java-2.50.0.jar:/home/drchapeu/.m2/repository/org/apache/beam/beam-sdks-java-core/2.50.0/beam-sdks-java-core-2.50.0.jar:/home/drchapeu/.m2/repository/org/apache/beam/beam-model-job-management/2.50.0/beam-model-job-management-2.50.0.jar:/home/drchapeu/.m2/repository/net/bytebuddy/byte-buddy/1.12.14/byte-buddy-1.12.14.jar:/home/drchapeu/.m2/repository/com/google/code/findbugs/jsr305/3.0.2/jsr305-3.0.2.jar:/home/drchapeu/.m2/repository/com/google/errorprone/error_prone_annotations/2.10.0/error_prone_annotations-2.10.0.jar:/home/drchapeu/.m2/repository/org/xerial/snappy/snappy-java/1.1.10.3/snappy-java-1.1.10.3.jar:/home/drchapeu/.m2/repository/org/apache/beam/beam-sdks-java-io-jdbc/2.50.0/beam-sdks-java-io-jdbc-2.50.0.jar:/home/drchapeu/.m2/repository/org/apache/commons/commons-dbcp2/2.9.0/commons-dbcp2-2.9.0.jar:/home/drchapeu/.m2/repository/commons-logging/commons-logging/1.2/commons-logging-1.2.jar:/home/drchapeu/.m2/repository/org/apache/commons/commons-pool2/2.11.1/commons-pool2-2.11.1.jar:/home/drchapeu/.m2/repository/org/apache/beam/beam-sdks-java-io-google-cloud-platform/2.50.0/beam-sdks-java-io-google-cloud-platform-2.50.0.jar:/home/drchapeu/.m2/repository/org/apache/beam/beam-runners-core-java/2.50.0/beam-runners-core-java-2.50.0.jar:/home/drchapeu/.m2/repository/org/apache/beam/beam-sdks-java-harness/2.50.0/beam-sdks-java-harness-2.50.0.jar:/home/drchapeu/.m2/repository/org/apache/beam/beam-sdks-java-expansion-service/2.50.0/beam-sdks-java-expansion-service-2.50.0.jar:/home/drchapeu/.m2/repository/org/apache/beam/beam-runners-java-fn-execution/2.50.0/beam-runners-java-fn-execution-2.50.0.jar:/home/drchapeu/.m2/repository/com/fasterxml/jackson/dataformat/jackson-dataformat-yaml/2.14.1/jackson-dataformat-yaml-2.14.1.jar:/home/drchapeu/.m2/repository/org/yaml/snakeyaml/1.33/snakeyaml-1.33.jar:/home/drchapeu/.m2/repository/org/apache/beam/beam-sdks-java-extensions-protobuf/2.50.0/beam-sdks-java-extensions-protobuf-2.50.0.jar:/home/drchapeu/.m2/repository/org/apache/beam/beam-sdks-java-extensions-arrow/2.50.0/beam-sdks-java-extensions-arrow-2.50.0.jar:/home/drchapeu/.m2/repository/com/google/api/gax/2.32.0/gax-2.32.0.jar:/home/drchapeu/.m2/repository/com/google/api/gax-grpc/2.32.0/gax-grpc-2.32.0.jar:/home/drchapeu/.m2/repository/io/grpc/grpc-googleapis/1.56.1/grpc-googleapis-1.56.1.jar:/home/drchapeu/.m2/repository/com/google/api/gax-grpc/2.32.0/gax-grpc-2.32.0-testlib.jar:/home/drchapeu/.m2/repository/com/google/api/gax-httpjson/2.32.0/gax-httpjson-2.32.0.jar:/home/drchapeu/.m2/repository/com/google/api/api-common/2.15.0/api-common-2.15.0.jar:/home/drchapeu/.m2/repository/com/google/apis/google-api-services-healthcare/v1-rev20230510-2.0.0/google-api-services-healthcare-v1-rev20230510-2.0.0.jar:/home/drchapeu/.m2/repository/com/google/apis/google-api-services-pubsub/v1-rev20220904-2.0.0/google-api-services-pubsub-v1-rev20220904-2.0.0.jar:/home/drchapeu/.m2/repository/com/google/cloud/google-cloud-bigquerystorage/2.41.1/google-cloud-bigquerystorage-2.41.1.jar:/home/drchapeu/.m2/repository/io/grpc/grpc-protobuf-lite/1.56.1/grpc-protobuf-lite-1.56.1.jar:/home/drchapeu/.m2/repository/com/google/auto/value/auto-value/1.10.2/auto-value-1.10.2.jar:/home/drchapeu/.m2/repository/com/google/api/grpc/proto-google-cloud-bigquerystorage-v1beta1/0.165.1/proto-google-cloud-bigquerystorage-v1beta1-0.165.1.jar:/home/drchapeu/.m2/repository/com/google/api/grpc/proto-google-cloud-bigquerystorage-v1beta2/0.165.1/proto-google-cloud-bigquerystorage-v1beta2-0.165.1.jar:/home/drchapeu/.m2/repository/org/json/json/20230618/json-20230618.jar:/home/drchapeu/.m2/repository/com/google/android/annotations/4.1.1.4/annotations-4.1.1.4.jar:/home/drchapeu/.m2/repository/org/codehaus/mojo/animal-sniffer-annotations/1.23/animal-sniffer-annotations-1.23.jar:/home/drchapeu/.m2/repository/io/perfmark/perfmark-api/0.26.0/perfmark-api-0.26.0.jar:/home/drchapeu/.m2/repository/com/google/api/grpc/proto-google-iam-v1/1.18.0/proto-google-iam-v1-1.18.0.jar:/home/drchapeu/.m2/repository/com/google/api/grpc/grpc-google-cloud-bigquerystorage-v1beta1/0.165.1/grpc-google-cloud-bigquerystorage-v1beta1-0.165.1.jar:/home/drchapeu/.m2/repository/com/google/api/grpc/grpc-google-cloud-bigquerystorage-v1beta2/0.165.1/grpc-google-cloud-bigquerystorage-v1beta2-0.165.1.jar:/home/drchapeu/.m2/repository/com/google/api/grpc/grpc-google-cloud-bigquerystorage-v1/2.41.1/grpc-google-cloud-bigquerystorage-v1-2.41.1.jar:/home/drchapeu/.m2/repository/com/google/cloud/bigtable/bigtable-client-core-config/1.28.0/bigtable-client-core-config-1.28.0.jar:/home/drchapeu/.m2/repository/com/google/cloud/google-cloud-bigtable/2.26.0/google-cloud-bigtable-2.26.0.jar:/home/drchapeu/.m2/repository/com/google/cloud/google-cloud-bigtable-stats/2.26.0/google-cloud-bigtable-stats-2.26.0.jar:/home/drchapeu/.m2/repository/com/lmax/disruptor/3.4.2/disruptor-3.4.2.jar:/home/drchapeu/.m2/repository/com/google/api/grpc/grpc-google-cloud-bigtable-v2/2.26.0/grpc-google-cloud-bigtable-v2-2.26.0.jar:/home/drchapeu/.m2/repository/com/google/api/grpc/proto-google-cloud-bigtable-admin-v2/2.26.0/proto-google-cloud-bigtable-admin-v2-2.26.0.jar:/home/drchapeu/.m2/repository/io/grpc/grpc-rls/1.56.1/grpc-rls-1.56.1.jar:/home/drchapeu/.m2/repository/com/google/cloud/google-cloud-monitoring/3.24.0/google-cloud-monitoring-3.24.0.jar:/home/drchapeu/.m2/repository/io/opencensus/opencensus-proto/0.2.0/opencensus-proto-0.2.0.jar:/home/drchapeu/.m2/repository/io/grpc/grpc-services/1.56.1/grpc-services-1.56.1.jar:/home/drchapeu/.m2/repository/com/google/re2j/re2j/1.7/re2j-1.7.jar:/home/drchapeu/.m2/repository/com/google/api/grpc/proto-google-cloud-monitoring-v3/3.24.0/proto-google-cloud-monitoring-v3-3.24.0.jar:/home/drchapeu/.m2/repository/com/google/cloud/google-cloud-core/2.22.0/google-cloud-core-2.22.0.jar:/home/drchapeu/.m2/repository/com/google/cloud/google-cloud-core-grpc/2.22.0/google-cloud-core-grpc-2.22.0.jar:/home/drchapeu/.m2/repository/com/google/cloud/datastore/datastore-v1-proto-client/2.16.3/datastore-v1-proto-client-2.16.3.jar:/home/drchapeu/.m2/repository/com/google/http-client/google-http-client-protobuf/1.43.3/google-http-client-protobuf-1.43.3.jar:/home/drchapeu/.m2/repository/com/google/cloud/google-cloud-firestore/3.14.0/google-cloud-firestore-3.14.0.jar:/home/drchapeu/.m2/repository/com/google/cloud/proto-google-cloud-firestore-bundle-v1/3.14.0/proto-google-cloud-firestore-bundle-v1-3.14.0.jar:/home/drchapeu/.m2/repository/io/opencensus/opencensus-contrib-grpc-util/0.31.1/opencensus-contrib-grpc-util-0.31.1.jar:/home/drchapeu/.m2/repository/com/google/cloud/google-cloud-pubsublite/1.12.13/google-cloud-pubsublite-1.12.13.jar:/home/drchapeu/.m2/repository/com/google/cloud/google-cloud-pubsub/1.124.1/google-cloud-pubsub-1.124.1.jar:/home/drchapeu/.m2/repository/com/google/cloud/google-cloud-spanner/6.45.0/google-cloud-spanner-6.45.0.jar:/home/drchapeu/.m2/repository/com/google/cloud/grpc-gcp/1.4.1/grpc-gcp-1.4.1.jar:/home/drchapeu/.m2/repository/com/google/api/grpc/grpc-google-common-protos/2.23.0/grpc-google-common-protos-2.23.0.jar:/home/drchapeu/.m2/repository/com/google/api/grpc/proto-google-cloud-spanner-admin-instance-v1/6.45.0/proto-google-cloud-spanner-admin-instance-v1-6.45.0.jar:/home/drchapeu/.m2/repository/com/google/api/grpc/grpc-google-cloud-spanner-admin-instance-v1/6.45.0/grpc-google-cloud-spanner-admin-instance-v1-6.45.0.jar:/home/drchapeu/.m2/repository/com/google/api/grpc/grpc-google-cloud-spanner-v1/6.45.0/grpc-google-cloud-spanner-v1-6.45.0.jar:/home/drchapeu/.m2/repository/com/google/api/grpc/grpc-google-cloud-spanner-admin-database-v1/6.45.0/grpc-google-cloud-spanner-admin-database-v1-6.45.0.jar:/home/drchapeu/.m2/repository/com/google/code/gson/gson/2.10.1/gson-2.10.1.jar:/home/drchapeu/.m2/repository/com/google/oauth-client/google-oauth-client/1.34.1/google-oauth-client-1.34.1.jar:/home/drchapeu/.m2/repository/io/grpc/grpc-alts/1.56.1/grpc-alts-1.56.1.jar:/home/drchapeu/.m2/repository/io/grpc/grpc-api/1.56.1/grpc-api-1.56.1.jar:/home/drchapeu/.m2/repository/io/grpc/grpc-auth/1.56.1/grpc-auth-1.56.1.jar:/home/drchapeu/.m2/repository/io/grpc/grpc-core/1.56.1/grpc-core-1.56.1.jar:/home/drchapeu/.m2/repository/io/grpc/grpc-census/1.56.1/grpc-census-1.56.1.jar:/home/drchapeu/.m2/repository/io/opencensus/opencensus-contrib-grpc-metrics/0.31.1/opencensus-contrib-grpc-metrics-0.31.1.jar:/home/drchapeu/.m2/repository/io/grpc/grpc-context/1.56.1/grpc-context-1.56.1.jar:/home/drchapeu/.m2/repository/io/grpc/grpc-grpclb/1.56.1/grpc-grpclb-1.56.1.jar:/home/drchapeu/.m2/repository/io/grpc/grpc-netty/1.56.1/grpc-netty-1.56.1.jar:/home/drchapeu/.m2/repository/io/netty/netty-codec-http2/4.1.87.Final/netty-codec-http2-4.1.87.Final.jar:/home/drchapeu/.m2/repository/io/netty/netty-codec-http/4.1.87.Final/netty-codec-http-4.1.87.Final.jar:/home/drchapeu/.m2/repository/io/netty/netty-handler-proxy/4.1.87.Final/netty-handler-proxy-4.1.87.Final.jar:/home/drchapeu/.m2/repository/io/netty/netty-codec-socks/4.1.87.Final/netty-codec-socks-4.1.87.Final.jar:/home/drchapeu/.m2/repository/io/netty/netty-transport-native-unix-common/4.1.87.Final/netty-transport-native-unix-common-4.1.87.Final.jar:/home/drchapeu/.m2/repository/io/grpc/grpc-netty-shaded/1.56.1/grpc-netty-shaded-1.56.1.jar:/home/drchapeu/.m2/repository/io/grpc/grpc-protobuf/1.56.1/grpc-protobuf-1.56.1.jar:/home/drchapeu/.m2/repository/io/grpc/grpc-stub/1.56.1/grpc-stub-1.56.1.jar:/home/drchapeu/.m2/repository/io/grpc/grpc-xds/1.56.1/grpc-xds-1.56.1.jar:/home/drchapeu/.m2/repository/com/google/api/grpc/grpc-google-cloud-pubsub-v1/1.106.1/grpc-google-cloud-pubsub-v1-1.106.1.jar:/home/drchapeu/.m2/repository/com/google/api/grpc/grpc-google-cloud-pubsublite-v1/1.12.13/grpc-google-cloud-pubsublite-v1-1.12.13.jar:/home/drchapeu/.m2/repository/com/google/guava/guava/32.1.2-jre/guava-32.1.2-jre.jar:/home/drchapeu/.m2/repository/org/apache/httpcomponents/httpclient/4.5.13/httpclient-4.5.13.jar:/home/drchapeu/.m2/repository/org/apache/httpcomponents/httpcore/4.4.14/httpcore-4.4.14.jar:/home/drchapeu/.m2/repository/com/fasterxml/jackson/datatype/jackson-datatype-joda/2.14.1/jackson-datatype-joda-2.14.1.jar:/home/drchapeu/.m2/repository/com/fasterxml/jackson/datatype/jackson-datatype-jsr310/2.14.1/jackson-datatype-jsr310-2.14.1.jar:/home/drchapeu/.m2/repository/io/netty/netty-handler/4.1.87.Final/netty-handler-4.1.87.Final.jar:/home/drchapeu/.m2/repository/io/netty/netty-common/4.1.87.Final/netty-common-4.1.87.Final.jar:/home/drchapeu/.m2/repository/io/netty/netty-resolver/4.1.87.Final/netty-resolver-4.1.87.Final.jar:/home/drchapeu/.m2/repository/io/netty/netty-buffer/4.1.87.Final/netty-buffer-4.1.87.Final.jar:/home/drchapeu/.m2/repository/io/netty/netty-transport/4.1.87.Final/netty-transport-4.1.87.Final.jar:/home/drchapeu/.m2/repository/io/netty/netty-codec/4.1.87.Final/netty-codec-4.1.87.Final.jar:/home/drchapeu/.m2/repository/io/netty/netty-tcnative-boringssl-static/2.0.52.Final/netty-tcnative-boringssl-static-2.0.52.Final.jar:/home/drchapeu/.m2/repository/io/netty/netty-tcnative-classes/2.0.52.Final/netty-tcnative-classes-2.0.52.Final.jar:/home/drchapeu/.m2/repository/io/netty/netty-tcnative-boringssl-static/2.0.52.Final/netty-tcnative-boringssl-static-2.0.52.Final-linux-x86_64.jar:/home/drchapeu/.m2/repository/io/netty/netty-tcnative-boringssl-static/2.0.52.Final/netty-tcnative-boringssl-static-2.0.52.Final-linux-aarch_64.jar:/home/drchapeu/.m2/repository/io/netty/netty-tcnative-boringssl-static/2.0.52.Final/netty-tcnative-boringssl-static-2.0.52.Final-osx-x86_64.jar:/home/drchapeu/.m2/repository/io/netty/netty-tcnative-boringssl-static/2.0.52.Final/netty-tcnative-boringssl-static-2.0.52.Final-osx-aarch_64.jar:/home/drchapeu/.m2/repository/io/netty/netty-tcnative-boringssl-static/2.0.52.Final/netty-tcnative-boringssl-static-2.0.52.Final-windows-x86_64.jar:/home/drchapeu/.m2/repository/com/google/api/grpc/proto-google-cloud-bigquerystorage-v1/2.41.1/proto-google-cloud-bigquerystorage-v1-2.41.1.jar:/home/drchapeu/.m2/repository/com/google/api/grpc/proto-google-cloud-bigtable-v2/2.26.0/proto-google-cloud-bigtable-v2-2.26.0.jar:/home/drchapeu/.m2/repository/com/google/api/grpc/proto-google-cloud-datastore-v1/0.107.3/proto-google-cloud-datastore-v1-0.107.3.jar:/home/drchapeu/.m2/repository/com/google/api/grpc/proto-google-cloud-firestore-v1/3.14.0/proto-google-cloud-firestore-v1-3.14.0.jar:/home/drchapeu/.m2/repository/com/google/api/grpc/proto-google-cloud-pubsub-v1/1.106.1/proto-google-cloud-pubsub-v1-1.106.1.jar:/home/drchapeu/.m2/repository/com/google/api/grpc/proto-google-cloud-spanner-admin-database-v1/6.45.0/proto-google-cloud-spanner-admin-database-v1-6.45.0.jar:/home/drchapeu/.m2/repository/com/google/api/grpc/proto-google-cloud-spanner-v1/6.45.0/proto-google-cloud-spanner-v1-6.45.0.jar:/home/drchapeu/.m2/repository/com/google/api/grpc/proto-google-common-protos/2.23.0/proto-google-common-protos-2.23.0.jar:/home/drchapeu/.m2/repository/com/google/protobuf/protobuf-java/3.23.2/protobuf-java-3.23.2.jar:/home/drchapeu/.m2/repository/com/google/protobuf/protobuf-java-util/3.23.2/protobuf-java-util-3.23.2.jar:/home/drchapeu/.m2/repository/org/apache/arrow/arrow-memory-core/5.0.0/arrow-memory-core-5.0.0.jar:/home/drchapeu/.m2/repository/org/apache/arrow/arrow-vector/5.0.0/arrow-vector-5.0.0.jar:/home/drchapeu/.m2/repository/org/apache/arrow/arrow-format/5.0.0/arrow-format-5.0.0.jar:/home/drchapeu/.m2/repository/com/google/flatbuffers/flatbuffers-java/1.12.0/flatbuffers-java-1.12.0.jar:/home/drchapeu/.m2/repository/com/google/http-client/google-http-client-gson/1.41.2/google-http-client-gson-1.41.2.jar:/home/drchapeu/.m2/repository/org/threeten/threetenbp/1.4.4/threetenbp-1.4.4.jar:/home/drchapeu/.m2/repository/com/google/apis/google-api-services-bigquery/v2-rev459-1.25.0/google-api-services-bigquery-v2-rev459-1.25.0.jar:/home/drchapeu/.m2/repository/com/google/api-client/google-api-client/1.32.1/google-api-client-1.32.1.jar:/home/drchapeu/.m2/repository/com/google/http-client/google-http-client-apache-v2/1.39.2/google-http-client-apache-v2-1.39.2.jar:/home/drchapeu/.m2/repository/com/google/cloud/sql/postgres-socket-factory/1.2.1/postgres-socket-factory-1.2.1.jar:/home/drchapeu/.m2/repository/com/google/cloud/sql/jdbc-socket-factory-core/1.2.1/jdbc-socket-factory-core-1.2.1.jar:/home/drchapeu/.m2/repository/com/google/apis/google-api-services-sqladmin/v1beta4-rev20210119-1.31.0/google-api-services-sqladmin-v1beta4-rev20210119-1.31.0.jar:/home/drchapeu/.m2/repository/com/github/jnr/jnr-unixsocket/0.38.5/jnr-unixsocket-0.38.5.jar:/home/drchapeu/.m2/repository/com/github/jnr/jnr-ffi/2.2.1/jnr-ffi-2.2.1.jar:/home/drchapeu/.m2/repository/com/github/jnr/jffi/1.3.1/jffi-1.3.1.jar:/home/drchapeu/.m2/repository/com/github/jnr/jffi/1.3.1/jffi-1.3.1-native.jar:/home/drchapeu/.m2/repository/org/ow2/asm/asm-commons/9.0/asm-commons-9.0.jar:/home/drchapeu/.m2/repository/com/github/jnr/jnr-a64asm/1.0.0/jnr-a64asm-1.0.0.jar:/home/drchapeu/.m2/repository/com/github/jnr/jnr-x86asm/1.0.2/jnr-x86asm-1.0.2.jar:/home/drchapeu/.m2/repository/com/github/jnr/jnr-constants/0.10.1/jnr-constants-0.10.1.jar:/home/drchapeu/.m2/repository/com/github/jnr/jnr-enxio/0.32.3/jnr-enxio-0.32.3.jar:/home/drchapeu/.m2/repository/com/github/jnr/jnr-posix/3.1.4/jnr-posix-3.1.4.jar:/home/drchapeu/.m2/repository/org/ow2/asm/asm-util/9.1/asm-util-9.1.jar:/home/drchapeu/.m2/repository/org/ow2/asm/asm/9.1/asm-9.1.jar:/home/drchapeu/.m2/repository/org/ow2/asm/asm-tree/9.1/asm-tree-9.1.jar:/home/drchapeu/.m2/repository/org/ow2/asm/asm-analysis/9.1/asm-analysis-9.1.jar:/home/drchapeu/.m2/repository/org/slf4j/slf4j-api/1.7.30/slf4j-api-1.7.30.jar:/home/drchapeu/.m2/repository/org/slf4j/slf4j-jdk14/1.7.30/slf4j-jdk14-1.7.30.jar:/home/drchapeu/.m2/repository/org/postgresql/postgresql/42.3.1/postgresql-42.3.1.jar:"/>
    <property name="java.vm.vendor" value="Ubuntu"/>
    <property name="sun.arch.data.model" value="64"/>
    <property name="java.vendor.url" value="https://ubuntu.com/"/>
    <property name="user.timezone" value=""/>
    <property name="user.country.format" value="BR"/>
    <property name="java.vm.specification.version" value="11"/>
    <property name="os.name" value="Linux"/>
    <property name="sun.java.launcher" value="SUN_STANDARD"/>
    <property name="user.country" value="US"/>
    <property name="sun.boot.library.path" value="/usr/lib/jvm/java-11-openjdk-amd64/lib"/>
    <property name="sun.java.command" value="/home/drchapeu/Documents/teste-dataflow-document/dataflow-from-zero/testing-psql-dataflow/target/surefire/surefirebooter4736120557453275060.jar /home/drchapeu/Documents/teste-dataflow-document/dataflow-from-zero/testing-psql-dataflow/target/surefire 2023-09-04T14-27-17_390-jvmRun1 surefire4746736831963685084tmp surefire_017414563817493563295tmp"/>
    <property name="jdk.debug" value="release"/>
    <property name="surefire.test.class.path" value="/home/drchapeu/Documents/teste-dataflow-document/dataflow-from-zero/testing-psql-dataflow/target/test-classes:/home/drchapeu/Documents/teste-dataflow-document/dataflow-from-zero/testing-psql-dataflow/target/classes:/home/drchapeu/.m2/repository/junit/junit/4.11/junit-4.11.jar:/home/drchapeu/.m2/repository/org/hamcrest/hamcrest-core/1.3/hamcrest-core-1.3.jar:/home/drchapeu/.m2/repository/org/apache/beam/beam-runners-google-cloud-dataflow-java/2.50.0/beam-runners-google-cloud-dataflow-java-2.50.0.jar:/home/drchapeu/.m2/repository/org/checkerframework/checker-qual/3.27.0/checker-qual-3.27.0.jar:/home/drchapeu/.m2/repository/org/apache/beam/beam-vendor-guava-32_1_2-jre/0.1/beam-vendor-guava-32_1_2-jre-0.1.jar:/home/drchapeu/.m2/repository/org/apache/beam/beam-model-pipeline/2.50.0/beam-model-pipeline-2.50.0.jar:/home/drchapeu/.m2/repository/org/conscrypt/conscrypt-openjdk-uber/2.5.2/conscrypt-openjdk-uber-2.5.2.jar:/home/drchapeu/.m2/repository/org/apache/beam/beam-sdks-java-extensions-avro/2.50.0/beam-sdks-java-extensions-avro-2.50.0.jar:/home/drchapeu/.m2/repository/org/apache/beam/beam-sdks-java-extensions-google-cloud-platform-core/2.50.0/beam-sdks-java-extensions-google-cloud-platform-core-2.50.0.jar:/home/drchapeu/.m2/repository/com/google/cloud/bigdataoss/gcsio/2.2.16/gcsio-2.2.16.jar:/home/drchapeu/.m2/repository/com/google/cloud/google-cloud-storage/2.23.0/google-cloud-storage-2.23.0.jar:/home/drchapeu/.m2/repository/com/google/cloud/google-cloud-core-http/2.19.0/google-cloud-core-http-2.19.0.jar:/home/drchapeu/.m2/repository/com/google/http-client/google-http-client-appengine/1.43.1/google-http-client-appengine-1.43.1.jar:/home/drchapeu/.m2/repository/com/google/api/grpc/proto-google-cloud-storage-v2/2.23.0-alpha/proto-google-cloud-storage-v2-2.23.0-alpha.jar:/home/drchapeu/.m2/repository/com/google/api/grpc/gapic-google-cloud-storage-v2/2.23.0-alpha/gapic-google-cloud-storage-v2-2.23.0-alpha.jar:/home/drchapeu/.m2/repository/com/google/api/grpc/grpc-google-cloud-storage-v2/2.23.0-alpha/grpc-google-cloud-storage-v2-2.23.0-alpha.jar:/home/drchapeu/.m2/repository/io/opencensus/opencensus-impl/0.31.0/opencensus-impl-0.31.0.jar:/home/drchapeu/.m2/repository/io/opencensus/opencensus-impl-core/0.31.0/opencensus-impl-core-0.31.0.jar:/home/drchapeu/.m2/repository/io/opencensus/opencensus-exporter-stats-stackdriver/0.31.0/opencensus-exporter-stats-stackdriver-0.31.0.jar:/home/drchapeu/.m2/repository/io/opencensus/opencensus-contrib-exemplar-util/0.31.0/opencensus-contrib-exemplar-util-0.31.0.jar:/home/drchapeu/.m2/repository/io/opencensus/opencensus-contrib-resource-util/0.31.0/opencensus-contrib-resource-util-0.31.0.jar:/home/drchapeu/.m2/repository/io/opencensus/opencensus-exporter-metrics-util/0.31.0/opencensus-exporter-metrics-util-0.31.0.jar:/home/drchapeu/.m2/repository/com/google/apis/google-api-services-cloudresourcemanager/v1-rev20230129-2.0.0/google-api-services-cloudresourcemanager-v1-rev20230129-2.0.0.jar:/home/drchapeu/.m2/repository/org/apache/beam/beam-sdks-java-io-kafka/2.50.0/beam-sdks-java-io-kafka-2.50.0.jar:/home/drchapeu/.m2/repository/org/springframework/spring-expression/5.3.27/spring-expression-5.3.27.jar:/home/drchapeu/.m2/repository/org/springframework/spring-core/5.3.27/spring-core-5.3.27.jar:/home/drchapeu/.m2/repository/org/springframework/spring-jcl/5.3.27/spring-jcl-5.3.27.jar:/home/drchapeu/.m2/repository/io/confluent/kafka-avro-serializer/5.3.2/kafka-avro-serializer-5.3.2.jar:/home/drchapeu/.m2/repository/io/confluent/common-config/5.3.2/common-config-5.3.2.jar:/home/drchapeu/.m2/repository/io/confluent/common-utils/5.3.2/common-utils-5.3.2.jar:/home/drchapeu/.m2/repository/com/101tec/zkclient/0.10/zkclient-0.10.jar:/home/drchapeu/.m2/repository/io/confluent/kafka-schema-registry-client/5.3.2/kafka-schema-registry-client-5.3.2.jar:/home/drchapeu/.m2/repository/org/apache/beam/beam-runners-core-construction-java/2.50.0/beam-runners-core-construction-java-2.50.0.jar:/home/drchapeu/.m2/repository/org/apache/beam/beam-sdks-java-fn-execution/2.50.0/beam-sdks-java-fn-execution-2.50.0.jar:/home/drchapeu/.m2/repository/org/apache/beam/beam-model-fn-execution/2.50.0/beam-model-fn-execution-2.50.0.jar:/home/drchapeu/.m2/repository/io/github/classgraph/classgraph/4.8.104/classgraph-4.8.104.jar:/home/drchapeu/.m2/repository/org/apache/avro/avro/1.8.2/avro-1.8.2.jar:/home/drchapeu/.m2/repository/org/codehaus/jackson/jackson-core-asl/1.9.13/jackson-core-asl-1.9.13.jar:/home/drchapeu/.m2/repository/org/codehaus/jackson/jackson-mapper-asl/1.9.13/jackson-mapper-asl-1.9.13.jar:/home/drchapeu/.m2/repository/com/thoughtworks/paranamer/paranamer/2.7/paranamer-2.7.jar:/home/drchapeu/.m2/repository/org/apache/commons/commons-compress/1.8.1/commons-compress-1.8.1.jar:/home/drchapeu/.m2/repository/org/tukaani/xz/1.5/xz-1.5.jar:/home/drchapeu/.m2/repository/com/google/cloud/bigdataoss/util/2.2.16/util-2.2.16.jar:/home/drchapeu/.m2/repository/com/google/api-client/google-api-client-jackson2/2.0.1/google-api-client-jackson2-2.0.1.jar:/home/drchapeu/.m2/repository/com/google/apis/google-api-services-iamcredentials/v1-rev20211203-2.0.0/google-api-services-iamcredentials-v1-rev20211203-2.0.0.jar:/home/drchapeu/.m2/repository/com/google/auto/value/auto-value-annotations/1.10.1/auto-value-annotations-1.10.1.jar:/home/drchapeu/.m2/repository/com/google/flogger/google-extensions/0.7.1/google-extensions-0.7.1.jar:/home/drchapeu/.m2/repository/commons-codec/commons-codec/1.15/commons-codec-1.15.jar:/home/drchapeu/.m2/repository/com/google/flogger/flogger-system-backend/0.7.3/flogger-system-backend-0.7.3.jar:/home/drchapeu/.m2/repository/com/google/flogger/flogger/0.7.3/flogger-0.7.3.jar:/home/drchapeu/.m2/repository/org/checkerframework/checker-compat-qual/2.5.3/checker-compat-qual-2.5.3.jar:/home/drchapeu/.m2/repository/com/google/api/grpc/proto-google-cloud-pubsublite-v1/1.12.13/proto-google-cloud-pubsublite-v1-1.12.13.jar:/home/drchapeu/.m2/repository/com/google/guava/failureaccess/1.0.1/failureaccess-1.0.1.jar:/home/drchapeu/.m2/repository/com/google/guava/listenablefuture/9999.0-empty-to-avoid-conflict-with-guava/listenablefuture-9999.0-empty-to-avoid-conflict-with-guava.jar:/home/drchapeu/.m2/repository/com/google/j2objc/j2objc-annotations/2.8/j2objc-annotations-2.8.jar:/home/drchapeu/.m2/repository/javax/annotation/javax.annotation-api/1.3.2/javax.annotation-api-1.3.2.jar:/home/drchapeu/.m2/repository/com/google/apis/google-api-services-dataflow/v1b3-rev20220920-2.0.0/google-api-services-dataflow-v1b3-rev20220920-2.0.0.jar:/home/drchapeu/.m2/repository/com/google/apis/google-api-services-storage/v1-rev20230617-2.0.0/google-api-services-storage-v1-rev20230617-2.0.0.jar:/home/drchapeu/.m2/repository/com/google/auth/google-auth-library-credentials/1.19.0/google-auth-library-credentials-1.19.0.jar:/home/drchapeu/.m2/repository/com/google/auth/google-auth-library-oauth2-http/1.19.0/google-auth-library-oauth2-http-1.19.0.jar:/home/drchapeu/.m2/repository/com/google/http-client/google-http-client/1.43.3/google-http-client-1.43.3.jar:/home/drchapeu/.m2/repository/io/opencensus/opencensus-api/0.31.1/opencensus-api-0.31.1.jar:/home/drchapeu/.m2/repository/io/opencensus/opencensus-contrib-http-util/0.31.1/opencensus-contrib-http-util-0.31.1.jar:/home/drchapeu/.m2/repository/com/google/http-client/google-http-client-jackson2/1.43.3/google-http-client-jackson2-1.43.3.jar:/home/drchapeu/.m2/repository/org/hamcrest/hamcrest/2.1/hamcrest-2.1.jar:/home/drchapeu/.m2/repository/com/fasterxml/jackson/core/jackson-annotations/2.14.1/jackson-annotations-2.14.1.jar:/home/drchapeu/.m2/repository/com/fasterxml/jackson/core/jackson-core/2.14.1/jackson-core-2.14.1.jar:/home/drchapeu/.m2/repository/com/fasterxml/jackson/core/jackson-databind/2.14.1/jackson-databind-2.14.1.jar:/home/drchapeu/.m2/repository/joda-time/joda-time/2.10.10/joda-time-2.10.10.jar:/home/drchapeu/.m2/repository/org/apache/beam/beam-vendor-grpc-1_54_0/0.1/beam-vendor-grpc-1_54_0-0.1.jar:/home/drchapeu/.m2/repository/org/apache/beam/beam-runners-direct-java/2.50.0/beam-runners-direct-java-2.50.0.jar:/home/drchapeu/.m2/repository/org/apache/beam/beam-sdks-java-core/2.50.0/beam-sdks-java-core-2.50.0.jar:/home/drchapeu/.m2/repository/org/apache/beam/beam-model-job-management/2.50.0/beam-model-job-management-2.50.0.jar:/home/drchapeu/.m2/repository/net/bytebuddy/byte-buddy/1.12.14/byte-buddy-1.12.14.jar:/home/drchapeu/.m2/repository/com/google/code/findbugs/jsr305/3.0.2/jsr305-3.0.2.jar:/home/drchapeu/.m2/repository/com/google/errorprone/error_prone_annotations/2.10.0/error_prone_annotations-2.10.0.jar:/home/drchapeu/.m2/repository/org/xerial/snappy/snappy-java/1.1.10.3/snappy-java-1.1.10.3.jar:/home/drchapeu/.m2/repository/org/apache/beam/beam-sdks-java-io-jdbc/2.50.0/beam-sdks-java-io-jdbc-2.50.0.jar:/home/drchapeu/.m2/repository/org/apache/commons/commons-dbcp2/2.9.0/commons-dbcp2-2.9.0.jar:/home/drchapeu/.m2/repository/commons-logging/commons-logging/1.2/commons-logging-1.2.jar:/home/drchapeu/.m2/repository/org/apache/commons/commons-pool2/2.11.1/commons-pool2-2.11.1.jar:/home/drchapeu/.m2/repository/org/apache/beam/beam-sdks-java-io-google-cloud-platform/2.50.0/beam-sdks-java-io-google-cloud-platform-2.50.0.jar:/home/drchapeu/.m2/repository/org/apache/beam/beam-runners-core-java/2.50.0/beam-runners-core-java-2.50.0.jar:/home/drchapeu/.m2/repository/org/apache/beam/beam-sdks-java-harness/2.50.0/beam-sdks-java-harness-2.50.0.jar:/home/drchapeu/.m2/repository/org/apache/beam/beam-sdks-java-expansion-service/2.50.0/beam-sdks-java-expansion-service-2.50.0.jar:/home/drchapeu/.m2/repository/org/apache/beam/beam-runners-java-fn-execution/2.50.0/beam-runners-java-fn-execution-2.50.0.jar:/home/drchapeu/.m2/repository/com/fasterxml/jackson/dataformat/jackson-dataformat-yaml/2.14.1/jackson-dataformat-yaml-2.14.1.jar:/home/drchapeu/.m2/repository/org/yaml/snakeyaml/1.33/snakeyaml-1.33.jar:/home/drchapeu/.m2/repository/org/apache/beam/beam-sdks-java-extensions-protobuf/2.50.0/beam-sdks-java-extensions-protobuf-2.50.0.jar:/home/drchapeu/.m2/repository/org/apache/beam/beam-sdks-java-extensions-arrow/2.50.0/beam-sdks-java-extensions-arrow-2.50.0.jar:/home/drchapeu/.m2/repository/com/google/api/gax/2.32.0/gax-2.32.0.jar:/home/drchapeu/.m2/repository/com/google/api/gax-grpc/2.32.0/gax-grpc-2.32.0.jar:/home/drchapeu/.m2/repository/io/grpc/grpc-googleapis/1.56.1/grpc-googleapis-1.56.1.jar:/home/drchapeu/.m2/repository/com/google/api/gax-grpc/2.32.0/gax-grpc-2.32.0-testlib.jar:/home/drchapeu/.m2/repository/com/google/api/gax-httpjson/2.32.0/gax-httpjson-2.32.0.jar:/home/drchapeu/.m2/repository/com/google/api/api-common/2.15.0/api-common-2.15.0.jar:/home/drchapeu/.m2/repository/com/google/apis/google-api-services-healthcare/v1-rev20230510-2.0.0/google-api-services-healthcare-v1-rev20230510-2.0.0.jar:/home/drchapeu/.m2/repository/com/google/apis/google-api-services-pubsub/v1-rev20220904-2.0.0/google-api-services-pubsub-v1-rev20220904-2.0.0.jar:/home/drchapeu/.m2/repository/com/google/cloud/google-cloud-bigquerystorage/2.41.1/google-cloud-bigquerystorage-2.41.1.jar:/home/drchapeu/.m2/repository/io/grpc/grpc-protobuf-lite/1.56.1/grpc-protobuf-lite-1.56.1.jar:/home/drchapeu/.m2/repository/com/google/auto/value/auto-value/1.10.2/auto-value-1.10.2.jar:/home/drchapeu/.m2/repository/com/google/api/grpc/proto-google-cloud-bigquerystorage-v1beta1/0.165.1/proto-google-cloud-bigquerystorage-v1beta1-0.165.1.jar:/home/drchapeu/.m2/repository/com/google/api/grpc/proto-google-cloud-bigquerystorage-v1beta2/0.165.1/proto-google-cloud-bigquerystorage-v1beta2-0.165.1.jar:/home/drchapeu/.m2/repository/org/json/json/20230618/json-20230618.jar:/home/drchapeu/.m2/repository/com/google/android/annotations/4.1.1.4/annotations-4.1.1.4.jar:/home/drchapeu/.m2/repository/org/codehaus/mojo/animal-sniffer-annotations/1.23/animal-sniffer-annotations-1.23.jar:/home/drchapeu/.m2/repository/io/perfmark/perfmark-api/0.26.0/perfmark-api-0.26.0.jar:/home/drchapeu/.m2/repository/com/google/api/grpc/proto-google-iam-v1/1.18.0/proto-google-iam-v1-1.18.0.jar:/home/drchapeu/.m2/repository/com/google/api/grpc/grpc-google-cloud-bigquerystorage-v1beta1/0.165.1/grpc-google-cloud-bigquerystorage-v1beta1-0.165.1.jar:/home/drchapeu/.m2/repository/com/google/api/grpc/grpc-google-cloud-bigquerystorage-v1beta2/0.165.1/grpc-google-cloud-bigquerystorage-v1beta2-0.165.1.jar:/home/drchapeu/.m2/repository/com/google/api/grpc/grpc-google-cloud-bigquerystorage-v1/2.41.1/grpc-google-cloud-bigquerystorage-v1-2.41.1.jar:/home/drchapeu/.m2/repository/com/google/cloud/bigtable/bigtable-client-core-config/1.28.0/bigtable-client-core-config-1.28.0.jar:/home/drchapeu/.m2/repository/com/google/cloud/google-cloud-bigtable/2.26.0/google-cloud-bigtable-2.26.0.jar:/home/drchapeu/.m2/repository/com/google/cloud/google-cloud-bigtable-stats/2.26.0/google-cloud-bigtable-stats-2.26.0.jar:/home/drchapeu/.m2/repository/com/lmax/disruptor/3.4.2/disruptor-3.4.2.jar:/home/drchapeu/.m2/repository/com/google/api/grpc/grpc-google-cloud-bigtable-v2/2.26.0/grpc-google-cloud-bigtable-v2-2.26.0.jar:/home/drchapeu/.m2/repository/com/google/api/grpc/proto-google-cloud-bigtable-admin-v2/2.26.0/proto-google-cloud-bigtable-admin-v2-2.26.0.jar:/home/drchapeu/.m2/repository/io/grpc/grpc-rls/1.56.1/grpc-rls-1.56.1.jar:/home/drchapeu/.m2/repository/com/google/cloud/google-cloud-monitoring/3.24.0/google-cloud-monitoring-3.24.0.jar:/home/drchapeu/.m2/repository/io/opencensus/opencensus-proto/0.2.0/opencensus-proto-0.2.0.jar:/home/drchapeu/.m2/repository/io/grpc/grpc-services/1.56.1/grpc-services-1.56.1.jar:/home/drchapeu/.m2/repository/com/google/re2j/re2j/1.7/re2j-1.7.jar:/home/drchapeu/.m2/repository/com/google/api/grpc/proto-google-cloud-monitoring-v3/3.24.0/proto-google-cloud-monitoring-v3-3.24.0.jar:/home/drchapeu/.m2/repository/com/google/cloud/google-cloud-core/2.22.0/google-cloud-core-2.22.0.jar:/home/drchapeu/.m2/repository/com/google/cloud/google-cloud-core-grpc/2.22.0/google-cloud-core-grpc-2.22.0.jar:/home/drchapeu/.m2/repository/com/google/cloud/datastore/datastore-v1-proto-client/2.16.3/datastore-v1-proto-client-2.16.3.jar:/home/drchapeu/.m2/repository/com/google/http-client/google-http-client-protobuf/1.43.3/google-http-client-protobuf-1.43.3.jar:/home/drchapeu/.m2/repository/com/google/cloud/google-cloud-firestore/3.14.0/google-cloud-firestore-3.14.0.jar:/home/drchapeu/.m2/repository/com/google/cloud/proto-google-cloud-firestore-bundle-v1/3.14.0/proto-google-cloud-firestore-bundle-v1-3.14.0.jar:/home/drchapeu/.m2/repository/io/opencensus/opencensus-contrib-grpc-util/0.31.1/opencensus-contrib-grpc-util-0.31.1.jar:/home/drchapeu/.m2/repository/com/google/cloud/google-cloud-pubsublite/1.12.13/google-cloud-pubsublite-1.12.13.jar:/home/drchapeu/.m2/repository/com/google/cloud/google-cloud-pubsub/1.124.1/google-cloud-pubsub-1.124.1.jar:/home/drchapeu/.m2/repository/com/google/cloud/google-cloud-spanner/6.45.0/google-cloud-spanner-6.45.0.jar:/home/drchapeu/.m2/repository/com/google/cloud/grpc-gcp/1.4.1/grpc-gcp-1.4.1.jar:/home/drchapeu/.m2/repository/com/google/api/grpc/grpc-google-common-protos/2.23.0/grpc-google-common-protos-2.23.0.jar:/home/drchapeu/.m2/repository/com/google/api/grpc/proto-google-cloud-spanner-admin-instance-v1/6.45.0/proto-google-cloud-spanner-admin-instance-v1-6.45.0.jar:/home/drchapeu/.m2/repository/com/google/api/grpc/grpc-google-cloud-spanner-admin-instance-v1/6.45.0/grpc-google-cloud-spanner-admin-instance-v1-6.45.0.jar:/home/drchapeu/.m2/repository/com/google/api/grpc/grpc-google-cloud-spanner-v1/6.45.0/grpc-google-cloud-spanner-v1-6.45.0.jar:/home/drchapeu/.m2/repository/com/google/api/grpc/grpc-google-cloud-spanner-admin-database-v1/6.45.0/grpc-google-cloud-spanner-admin-database-v1-6.45.0.jar:/home/drchapeu/.m2/repository/com/google/code/gson/gson/2.10.1/gson-2.10.1.jar:/home/drchapeu/.m2/repository/com/google/oauth-client/google-oauth-client/1.34.1/google-oauth-client-1.34.1.jar:/home/drchapeu/.m2/repository/io/grpc/grpc-alts/1.56.1/grpc-alts-1.56.1.jar:/home/drchapeu/.m2/repository/io/grpc/grpc-api/1.56.1/grpc-api-1.56.1.jar:/home/drchapeu/.m2/repository/io/grpc/grpc-auth/1.56.1/grpc-auth-1.56.1.jar:/home/drchapeu/.m2/repository/io/grpc/grpc-core/1.56.1/grpc-core-1.56.1.jar:/home/drchapeu/.m2/repository/io/grpc/grpc-census/1.56.1/grpc-census-1.56.1.jar:/home/drchapeu/.m2/repository/io/opencensus/opencensus-contrib-grpc-metrics/0.31.1/opencensus-contrib-grpc-metrics-0.31.1.jar:/home/drchapeu/.m2/repository/io/grpc/grpc-context/1.56.1/grpc-context-1.56.1.jar:/home/drchapeu/.m2/repository/io/grpc/grpc-grpclb/1.56.1/grpc-grpclb-1.56.1.jar:/home/drchapeu/.m2/repository/io/grpc/grpc-netty/1.56.1/grpc-netty-1.56.1.jar:/home/drchapeu/.m2/repository/io/netty/netty-codec-http2/4.1.87.Final/netty-codec-http2-4.1.87.Final.jar:/home/drchapeu/.m2/repository/io/netty/netty-codec-http/4.1.87.Final/netty-codec-http-4.1.87.Final.jar:/home/drchapeu/.m2/repository/io/netty/netty-handler-proxy/4.1.87.Final/netty-handler-proxy-4.1.87.Final.jar:/home/drchapeu/.m2/repository/io/netty/netty-codec-socks/4.1.87.Final/netty-codec-socks-4.1.87.Final.jar:/home/drchapeu/.m2/repository/io/netty/netty-transport-native-unix-common/4.1.87.Final/netty-transport-native-unix-common-4.1.87.Final.jar:/home/drchapeu/.m2/repository/io/grpc/grpc-netty-shaded/1.56.1/grpc-netty-shaded-1.56.1.jar:/home/drchapeu/.m2/repository/io/grpc/grpc-protobuf/1.56.1/grpc-protobuf-1.56.1.jar:/home/drchapeu/.m2/repository/io/grpc/grpc-stub/1.56.1/grpc-stub-1.56.1.jar:/home/drchapeu/.m2/repository/io/grpc/grpc-xds/1.56.1/grpc-xds-1.56.1.jar:/home/drchapeu/.m2/repository/com/google/api/grpc/grpc-google-cloud-pubsub-v1/1.106.1/grpc-google-cloud-pubsub-v1-1.106.1.jar:/home/drchapeu/.m2/repository/com/google/api/grpc/grpc-google-cloud-pubsublite-v1/1.12.13/grpc-google-cloud-pubsublite-v1-1.12.13.jar:/home/drchapeu/.m2/repository/com/google/guava/guava/32.1.2-jre/guava-32.1.2-jre.jar:/home/drchapeu/.m2/repository/org/apache/httpcomponents/httpclient/4.5.13/httpclient-4.5.13.jar:/home/drchapeu/.m2/repository/org/apache/httpcomponents/httpcore/4.4.14/httpcore-4.4.14.jar:/home/drchapeu/.m2/repository/com/fasterxml/jackson/datatype/jackson-datatype-joda/2.14.1/jackson-datatype-joda-2.14.1.jar:/home/drchapeu/.m2/repository/com/fasterxml/jackson/datatype/jackson-datatype-jsr310/2.14.1/jackson-datatype-jsr310-2.14.1.jar:/home/drchapeu/.m2/repository/io/netty/netty-handler/4.1.87.Final/netty-handler-4.1.87.Final.jar:/home/drchapeu/.m2/repository/io/netty/netty-common/4.1.87.Final/netty-common-4.1.87.Final.jar:/home/drchapeu/.m2/repository/io/netty/netty-resolver/4.1.87.Final/netty-resolver-4.1.87.Final.jar:/home/drchapeu/.m2/repository/io/netty/netty-buffer/4.1.87.Final/netty-buffer-4.1.87.Final.jar:/home/drchapeu/.m2/repository/io/netty/netty-transport/4.1.87.Final/netty-transport-4.1.87.Final.jar:/home/drchapeu/.m2/repository/io/netty/netty-codec/4.1.87.Final/netty-codec-4.1.87.Final.jar:/home/drchapeu/.m2/repository/io/netty/netty-tcnative-boringssl-static/2.0.52.Final/netty-tcnative-boringssl-static-2.0.52.Final.jar:/home/drchapeu/.m2/repository/io/netty/netty-tcnative-classes/2.0.52.Final/netty-tcnative-classes-2.0.52.Final.jar:/home/drchapeu/.m2/repository/io/netty/netty-tcnative-boringssl-static/2.0.52.Final/netty-tcnative-boringssl-static-2.0.52.Final-linux-x86_64.jar:/home/drchapeu/.m2/repository/io/netty/netty-tcnative-boringssl-static/2.0.52.Final/netty-tcnative-boringssl-static-2.0.52.Final-linux-aarch_64.jar:/home/drchapeu/.m2/repository/io/netty/netty-tcnative-boringssl-static/2.0.52.Final/netty-tcnative-boringssl-static-2.0.52.Final-osx-x86_64.jar:/home/drchapeu/.m2/repository/io/netty/netty-tcnative-boringssl-static/2.0.52.Final/netty-tcnative-boringssl-static-2.0.52.Final-osx-aarch_64.jar:/home/drchapeu/.m2/repository/io/netty/netty-tcnative-boringssl-static/2.0.52.Final/netty-tcnative-boringssl-static-2.0.52.Final-windows-x86_64.jar:/home/drchapeu/.m2/repository/com/google/api/grpc/proto-google-cloud-bigquerystorage-v1/2.41.1/proto-google-cloud-bigquerystorage-v1-2.41.1.jar:/home/drchapeu/.m2/repository/com/google/api/grpc/proto-google-cloud-bigtable-v2/2.26.0/proto-google-cloud-bigtable-v2-2.26.0.jar:/home/drchapeu/.m2/repository/com/google/api/grpc/proto-google-cloud-datastore-v1/0.107.3/proto-google-cloud-datastore-v1-0.107.3.jar:/home/drchapeu/.m2/repository/com/google/api/grpc/proto-google-cloud-firestore-v1/3.14.0/proto-google-cloud-firestore-v1-3.14.0.jar:/home/drchapeu/.m2/repository/com/google/api/grpc/proto-google-cloud-pubsub-v1/1.106.1/proto-google-cloud-pubsub-v1-1.106.1.jar:/home/drchapeu/.m2/repository/com/google/api/grpc/proto-google-cloud-spanner-admin-database-v1/6.45.0/proto-google-cloud-spanner-admin-database-v1-6.45.0.jar:/home/drchapeu/.m2/repository/com/google/api/grpc/proto-google-cloud-spanner-v1/6.45.0/proto-google-cloud-spanner-v1-6.45.0.jar:/home/drchapeu/.m2/repository/com/google/api/grpc/proto-google-common-protos/2.23.0/proto-google-common-protos-2.23.0.jar:/home/drchapeu/.m2/repository/com/google/protobuf/protobuf-java/3.23.2/protobuf-java-3.23.2.jar:/home/drchapeu/.m2/repository/com/google/protobuf/protobuf-java-util/3.23.2/protobuf-java-util-3.23.2.jar:/home/drchapeu/.m2/repository/org/apache/arrow/arrow-memory-core/5.0.0/arrow-memory-core-5.0.0.jar:/home/drchapeu/.m2/repository/org/apache/arrow/arrow-vector/5.0.0/arrow-vector-5.0.0.jar:/home/drchapeu/.m2/repository/org/apache/arrow/arrow-format/5.0.0/arrow-format-5.0.0.jar:/home/drchapeu/.m2/repository/com/google/flatbuffers/flatbuffers-java/1.12.0/flatbuffers-java-1.12.0.jar:/home/drchapeu/.m2/repository/com/google/http-client/google-http-client-gson/1.41.2/google-http-client-gson-1.41.2.jar:/home/drchapeu/.m2/repository/org/threeten/threetenbp/1.4.4/threetenbp-1.4.4.jar:/home/drchapeu/.m2/repository/com/google/apis/google-api-services-bigquery/v2-rev459-1.25.0/google-api-services-bigquery-v2-rev459-1.25.0.jar:/home/drchapeu/.m2/repository/com/google/api-client/google-api-client/1.32.1/google-api-client-1.32.1.jar:/home/drchapeu/.m2/repository/com/google/http-client/google-http-client-apache-v2/1.39.2/google-http-client-apache-v2-1.39.2.jar:/home/drchapeu/.m2/repository/com/google/cloud/sql/postgres-socket-factory/1.2.1/postgres-socket-factory-1.2.1.jar:/home/drchapeu/.m2/repository/com/google/cloud/sql/jdbc-socket-factory-core/1.2.1/jdbc-socket-factory-core-1.2.1.jar:/home/drchapeu/.m2/repository/com/google/apis/google-api-services-sqladmin/v1beta4-rev20210119-1.31.0/google-api-services-sqladmin-v1beta4-rev20210119-1.31.0.jar:/home/drchapeu/.m2/repository/com/github/jnr/jnr-unixsocket/0.38.5/jnr-unixsocket-0.38.5.jar:/home/drchapeu/.m2/repository/com/github/jnr/jnr-ffi/2.2.1/jnr-ffi-2.2.1.jar:/home/drchapeu/.m2/repository/com/github/jnr/jffi/1.3.1/jffi-1.3.1.jar:/home/drchapeu/.m2/repository/com/github/jnr/jffi/1.3.1/jffi-1.3.1-native.jar:/home/drchapeu/.m2/repository/org/ow2/asm/asm-commons/9.0/asm-commons-9.0.jar:/home/drchapeu/.m2/repository/com/github/jnr/jnr-a64asm/1.0.0/jnr-a64asm-1.0.0.jar:/home/drchapeu/.m2/repository/com/github/jnr/jnr-x86asm/1.0.2/jnr-x86asm-1.0.2.jar:/home/drchapeu/.m2/repository/com/github/jnr/jnr-constants/0.10.1/jnr-constants-0.10.1.jar:/home/drchapeu/.m2/repository/com/github/jnr/jnr-enxio/0.32.3/jnr-enxio-0.32.3.jar:/home/drchapeu/.m2/repository/com/github/jnr/jnr-posix/3.1.4/jnr-posix-3.1.4.jar:/home/drchapeu/.m2/repository/org/ow2/asm/asm-util/9.1/asm-util-9.1.jar:/home/drchapeu/.m2/repository/org/ow2/asm/asm/9.1/asm-9.1.jar:/home/drchapeu/.m2/repository/org/ow2/asm/asm-tree/9.1/asm-tree-9.1.jar:/home/drchapeu/.m2/repository/org/ow2/asm/asm-analysis/9.1/asm-analysis-9.1.jar:/home/drchapeu/.m2/repository/org/slf4j/slf4j-api/1.7.30/slf4j-api-1.7.30.jar:/home/drchapeu/.m2/repository/org/slf4j/slf4j-jdk14/1.7.30/slf4j-jdk14-1.7.30.jar:/home/drchapeu/.m2/repository/org/postgresql/postgresql/42.3.1/postgresql-42.3.1.jar:"/>
    <property name="sun.cpu.endian" value="little"/>
    <property name="user.home" value="/home/drchapeu"/>
    <property name="user.language" value="en"/>
    <property name="java.specification.vendor" value="Oracle Corporation"/>
    <property name="java.version.date" value="2023-08-24"/>
    <property name="java.home" value="/usr/lib/jvm/java-11-openjdk-amd64"/>
    <property name="file.separator" value="/"/>
    <property name="basedir" value="/home/drchapeu/Documents/teste-dataflow-document/dataflow-from-zero/testing-psql-dataflow"/>
    <property name="java.vm.compressedOopsMode" value="Zero based"/>
    <property name="line.separator" value="&#10;"/>
    <property name="java.specification.name" value="Java Platform API Specification"/>
    <property name="java.vm.specification.vendor" value="Oracle Corporation"/>
    <property name="java.awt.graphicsenv" value="sun.awt.X11GraphicsEnvironment"/>
    <property name="surefire.real.class.path" value="/home/drchapeu/Documents/teste-dataflow-document/dataflow-from-zero/testing-psql-dataflow/target/surefire/surefirebooter4736120557453275060.jar"/>
    <property name="sun.management.compiler" value="HotSpot 64-Bit Tiered Compilers"/>
    <property name="java.runtime.version" value="11.0.20.1+1-post-Ubuntu-0ubuntu122.04"/>
    <property name="user.name" value="drchapeu"/>
    <property name="path.separator" value=":"/>
    <property name="os.version" value="6.2.0-31-generic"/>
    <property name="java.runtime.name" value="OpenJDK Runtime Environment"/>
    <property name="file.encoding" value="UTF-8"/>
    <property name="java.vm.name" value="OpenJDK 64-Bit Server VM"/>
    <property name="localRepository" value="/home/drchapeu/.m2/repository"/>
    <property name="java.vendor.url.bug" value="https://bugs.launchpad.net/ubuntu/+source/openjdk-lts"/>
    <property name="java.io.tmpdir" value="/tmp"/>
    <property name="java.version" value="11.0.20.1"/>
    <property name="user.dir" value="/home/drchapeu/Documents/teste-dataflow-document/dataflow-from-zero/testing-psql-dataflow"/>
    <property name="os.arch" value="amd64"/>
    <property name="java.vm.specification.name" value="Java Virtual Machine Specification"/>
    <property name="java.awt.printerjob" value="sun.print.PSPrinterJob"/>
    <property name="user.language.format" value="pt"/>
    <property name="sun.os.patch.level" value="unknown"/>
    <property name="java.library.path" value="/usr/java/packages/lib:/usr/lib/x86_64-linux-gnu/jni:/lib/x86_64-linux-gnu:/usr/lib/x86_64-linux-gnu:/usr/lib/jni:/lib:/usr/lib"/>
    <property name="java.vm.info" value="mixed mode, sharing"/>
    <property name="java.vendor" value="Ubuntu"/>
    <property name="java.vm.version" value="11.0.20.1+1-post-Ubuntu-0ubuntu122.04"/>
    <property name="java.specification.maintenance.version" value="2"/>
    <property name="sun.io.unicode.encoding" value="UnicodeLittle"/>
    <property name="java.class.version" value="55.0"/>
  </properties>
  <testcase name="shouldAnswerWithTrue" classname="com.drchapeu.dataflow.AppTest" time="0.001"/>
</testsuite>